<?xml version="1.0" encoding="UTF-8"?>
<coverage generated="1571312655492" clover="3.2.0">
  <project timestamp="1571312655493" name="All files">
    <metrics statements="45" coveredstatements="35" conditionals="6" coveredconditionals="5" methods="16" coveredmethods="12" elements="67" coveredelements="52" complexity="0" loc="45" ncloc="45" packages="1" files="2" classes="2"/>
    <file name="Ship.js" path="C:\Users\matthew.bickell\sites\hostile-aliens-brief\Ship.js">
      <metrics statements="14" coveredstatements="13" conditionals="2" coveredconditionals="2" methods="5" coveredmethods="4"/>
      <line num="3" count="14" type="stmt"/>
      <line num="4" count="14" type="stmt"/>
      <line num="5" count="14" type="stmt"/>
      <line num="6" count="14" type="stmt"/>
      <line num="7" count="14" type="stmt"/>
      <line num="8" count="14" type="stmt"/>
      <line num="11" count="17" type="stmt"/>
      <line num="12" count="17" type="cond" truecount="2" falsecount="0"/>
      <line num="13" count="2" type="stmt"/>
      <line num="14" count="2" type="stmt"/>
      <line num="15" count="15" type="stmt"/>
      <line num="18" count="3" type="stmt"/>
      <line num="21" count="3" type="stmt"/>
      <line num="24" count="0" type="stmt"/>
    </file>
    <file name="code.js" path="C:\Users\matthew.bickell\sites\hostile-aliens-brief\code.js">
      <metrics statements="31" coveredstatements="22" conditionals="4" coveredconditionals="3" methods="11" coveredmethods="8"/>
      <line num="4" count="1" type="stmt"/>
      <line num="5" count="1" type="stmt"/>
      <line num="6" count="3" type="stmt"/>
      <line num="7" count="3" type="stmt"/>
      <line num="8" count="14" type="stmt"/>
      <line num="10" count="3" type="stmt"/>
      <line num="12" count="1" type="stmt"/>
      <line num="15" count="1" type="stmt"/>
      <line num="16" count="4" type="stmt"/>
      <line num="17" count="17" type="stmt"/>
      <line num="18" count="183" type="cond" truecount="2" falsecount="0"/>
      <line num="19" count="14" type="stmt"/>
      <line num="25" count="2" type="stmt"/>
      <line num="27" count="1" type="stmt"/>
      <line num="28" count="1" type="stmt"/>
      <line num="31" count="1" type="stmt"/>
      <line num="32" count="0" type="stmt"/>
      <line num="33" count="0" type="stmt"/>
      <line num="34" count="0" type="stmt"/>
      <line num="35" count="0" type="stmt"/>
      <line num="36" count="0" type="stmt"/>
      <line num="39" count="1" type="stmt"/>
      <line num="40" count="0" type="stmt"/>
      <line num="41" count="0" type="stmt"/>
      <line num="42" count="0" type="stmt"/>
      <line num="43" count="0" type="stmt"/>
      <line num="46" count="1" type="stmt"/>
      <line num="47" count="1" type="cond" truecount="1" falsecount="1"/>
      <line num="48" count="1" type="stmt"/>
      <line num="49" count="13" type="stmt"/>
      <line num="51" count="1" type="stmt"/>
    </file>
  </project>
</coverage>
