{"C:\\Users\\matthew.bickell\\sites\\hostile-aliens-brief\\Ship.js": {"path":"C:\\Users\\matthew.bickell\\sites\\hostile-aliens-brief\\Ship.js","statementMap":{"0":{"start":{"line":3,"column":4},"end":{"line":3,"column":21}},"1":{"start":{"line":4,"column":4},"end":{"line":4,"column":37}},"2":{"start":{"line":5,"column":4},"end":{"line":5,"column":41}},"3":{"start":{"line":6,"column":4},"end":{"line":6,"column":37}},"4":{"start":{"line":7,"column":4},"end":{"line":7,"column":30}},"5":{"start":{"line":8,"column":4},"end":{"line":8,"column":42}},"6":{"start":{"line":11,"column":4},"end":{"line":11,"column":50}},"7":{"start":{"line":12,"column":4},"end":{"line":15,"column":42}},"8":{"start":{"line":13,"column":6},"end":{"line":13,"column":31}},"9":{"start":{"line":14,"column":6},"end":{"line":14,"column":40}},"10":{"start":{"line":15,"column":12},"end":{"line":15,"column":41}},"11":{"start":{"line":18,"column":4},"end":{"line":18,"column":51}},"12":{"start":{"line":21,"column":4},"end":{"line":21,"column":59}},"13":{"start":{"line":24,"column":4},"end":{"line":24,"column":98}}},"fnMap":{"0":{"name":"(anonymous_0)","decl":{"start":{"line":2,"column":2},"end":{"line":2,"column":3}},"loc":{"start":{"line":2,"column":64},"end":{"line":9,"column":3}},"line":2},"1":{"name":"(anonymous_1)","decl":{"start":{"line":10,"column":2},"end":{"line":10,"column":3}},"loc":{"start":{"line":10,"column":18},"end":{"line":16,"column":3}},"line":10},"2":{"name":"(anonymous_2)","decl":{"start":{"line":17,"column":2},"end":{"line":17,"column":3}},"loc":{"start":{"line":17,"column":15},"end":{"line":19,"column":3}},"line":17},"3":{"name":"(anonymous_3)","decl":{"start":{"line":20,"column":2},"end":{"line":20,"column":3}},"loc":{"start":{"line":20,"column":18},"end":{"line":22,"column":3}},"line":20},"4":{"name":"(anonymous_4)","decl":{"start":{"line":23,"column":2},"end":{"line":23,"column":3}},"loc":{"start":{"line":23,"column":11},"end":{"line":25,"column":3}},"line":23}},"branchMap":{"0":{"loc":{"start":{"line":12,"column":4},"end":{"line":15,"column":42}},"type":"if","locations":[{"start":{"line":12,"column":4},"end":{"line":15,"column":42}},{"start":{"line":12,"column":4},"end":{"line":15,"column":42}}],"line":12}},"s":{"0":14,"1":14,"2":14,"3":14,"4":14,"5":14,"6":17,"7":17,"8":2,"9":2,"10":15,"11":3,"12":3,"13":0},"f":{"0":14,"1":17,"2":3,"3":3,"4":0},"b":{"0":[2,15]},"_coverageSchema":"43e27e138ebf9cfc5966b082cf9a028302ed4184","hash":"2d277691f61e68e2bbf03a38c560281ca8c22f4f"}
,"C:\\Users\\matthew.bickell\\sites\\hostile-aliens-brief\\code.js": {"path":"C:\\Users\\matthew.bickell\\sites\\hostile-aliens-brief\\code.js","statementMap":{"0":{"start":{"line":4,"column":32},"end":{"line":13,"column":1}},"1":{"start":{"line":5,"column":14},"end":{"line":11,"column":4}},"2":{"start":{"line":6,"column":22},"end":{"line":6,"column":24}},"3":{"start":{"line":7,"column":4},"end":{"line":9,"column":5}},"4":{"start":{"line":7,"column":17},"end":{"line":7,"column":18}},"5":{"start":{"line":8,"column":6},"end":{"line":8,"column":69}},"6":{"start":{"line":10,"column":4},"end":{"line":10,"column":23}},"7":{"start":{"line":12,"column":2},"end":{"line":12,"column":14}},"8":{"start":{"line":15,"column":32},"end":{"line":23,"column":1}},"9":{"start":{"line":16,"column":2},"end":{"line":22,"column":4}},"10":{"start":{"line":17,"column":4},"end":{"line":21,"column":5}},"11":{"start":{"line":17,"column":16},"end":{"line":17,"column":17}},"12":{"start":{"line":18,"column":6},"end":{"line":20,"column":7}},"13":{"start":{"line":19,"column":8},"end":{"line":19,"column":26}},"14":{"start":{"line":25,"column":28},"end":{"line":25,"column":77}},"15":{"start":{"line":25,"column":37},"end":{"line":25,"column":77}},"16":{"start":{"line":27,"column":32},"end":{"line":29,"column":1}},"17":{"start":{"line":28,"column":2},"end":{"line":28,"column":45}},"18":{"start":{"line":31,"column":27},"end":{"line":37,"column":1}},"19":{"start":{"line":32,"column":13},"end":{"line":32,"column":43}},"20":{"start":{"line":33,"column":2},"end":{"line":33,"column":21}},"21":{"start":{"line":34,"column":13},"end":{"line":34,"column":15}},"22":{"start":{"line":35,"column":2},"end":{"line":35,"column":47}},"23":{"start":{"line":35,"column":24},"end":{"line":35,"column":45}},"24":{"start":{"line":36,"column":2},"end":{"line":36,"column":25}},"25":{"start":{"line":39,"column":42},"end":{"line":44,"column":1}},"26":{"start":{"line":40,"column":2},"end":{"line":40,"column":26}},"27":{"start":{"line":41,"column":2},"end":{"line":41,"column":24}},"28":{"start":{"line":42,"column":2},"end":{"line":42,"column":26}},"29":{"start":{"line":43,"column":2},"end":{"line":43,"column":21}},"30":{"start":{"line":46,"column":31},"end":{"line":53,"column":1}},"31":{"start":{"line":47,"column":2},"end":{"line":52,"column":3}},"32":{"start":{"line":48,"column":4},"end":{"line":50,"column":7}},"33":{"start":{"line":49,"column":6},"end":{"line":49,"column":31}},"34":{"start":{"line":51,"column":4},"end":{"line":51,"column":28}}},"fnMap":{"0":{"name":"(anonymous_0)","decl":{"start":{"line":4,"column":32},"end":{"line":4,"column":33}},"loc":{"start":{"line":4,"column":43},"end":{"line":13,"column":1}},"line":4},"1":{"name":"(anonymous_1)","decl":{"start":{"line":5,"column":28},"end":{"line":5,"column":29}},"loc":{"start":{"line":5,"column":36},"end":{"line":11,"column":3}},"line":5},"2":{"name":"(anonymous_2)","decl":{"start":{"line":15,"column":32},"end":{"line":15,"column":33}},"loc":{"start":{"line":15,"column":41},"end":{"line":23,"column":1}},"line":15},"3":{"name":"(anonymous_3)","decl":{"start":{"line":16,"column":15},"end":{"line":16,"column":16}},"loc":{"start":{"line":16,"column":21},"end":{"line":22,"column":3}},"line":16},"4":{"name":"(anonymous_4)","decl":{"start":{"line":25,"column":28},"end":{"line":25,"column":29}},"loc":{"start":{"line":25,"column":37},"end":{"line":25,"column":77}},"line":25},"5":{"name":"(anonymous_5)","decl":{"start":{"line":27,"column":32},"end":{"line":27,"column":33}},"loc":{"start":{"line":27,"column":41},"end":{"line":29,"column":1}},"line":27},"6":{"name":"(anonymous_6)","decl":{"start":{"line":31,"column":27},"end":{"line":31,"column":28}},"loc":{"start":{"line":31,"column":36},"end":{"line":37,"column":1}},"line":31},"7":{"name":"(anonymous_7)","decl":{"start":{"line":35,"column":16},"end":{"line":35,"column":17}},"loc":{"start":{"line":35,"column":24},"end":{"line":35,"column":45}},"line":35},"8":{"name":"(anonymous_8)","decl":{"start":{"line":39,"column":42},"end":{"line":39,"column":43}},"loc":{"start":{"line":39,"column":51},"end":{"line":44,"column":1}},"line":39},"9":{"name":"(anonymous_9)","decl":{"start":{"line":46,"column":31},"end":{"line":46,"column":32}},"loc":{"start":{"line":46,"column":40},"end":{"line":53,"column":1}},"line":46},"10":{"name":"(anonymous_10)","decl":{"start":{"line":48,"column":18},"end":{"line":48,"column":19}},"loc":{"start":{"line":48,"column":26},"end":{"line":50,"column":5}},"line":48}},"branchMap":{"0":{"loc":{"start":{"line":18,"column":6},"end":{"line":20,"column":7}},"type":"if","locations":[{"start":{"line":18,"column":6},"end":{"line":20,"column":7}},{"start":{"line":18,"column":6},"end":{"line":20,"column":7}}],"line":18},"1":{"loc":{"start":{"line":47,"column":2},"end":{"line":52,"column":3}},"type":"if","locations":[{"start":{"line":47,"column":2},"end":{"line":52,"column":3}},{"start":{"line":47,"column":2},"end":{"line":52,"column":3}}],"line":47}},"s":{"0":1,"1":1,"2":3,"3":3,"4":3,"5":14,"6":3,"7":1,"8":1,"9":4,"10":17,"11":17,"12":183,"13":14,"14":1,"15":2,"16":1,"17":1,"18":1,"19":0,"20":0,"21":0,"22":0,"23":0,"24":0,"25":1,"26":0,"27":0,"28":0,"29":0,"30":1,"31":1,"32":1,"33":13,"34":1},"f":{"0":1,"1":3,"2":4,"3":17,"4":2,"5":1,"6":0,"7":0,"8":0,"9":1,"10":13},"b":{"0":[14,169],"1":[1,0]},"_coverageSchema":"43e27e138ebf9cfc5966b082cf9a028302ed4184","hash":"1e57b2adb8e50dc4ba9fcc0148d15733d57eb301"}
}
