TN:
SF:C:\Users\matthew.bickell\sites\hostile-aliens-brief\Ship.js
FN:2,(anonymous_0)
FN:10,(anonymous_1)
FN:17,(anonymous_2)
FN:20,(anonymous_3)
FN:23,(anonymous_4)
FNF:5
FNH:4
FNDA:14,(anonymous_0)
FNDA:17,(anonymous_1)
FNDA:3,(anonymous_2)
FNDA:3,(anonymous_3)
FNDA:0,(anonymous_4)
DA:3,14
DA:4,14
DA:5,14
DA:6,14
DA:7,14
DA:8,14
DA:11,17
DA:12,17
DA:13,2
DA:14,2
DA:15,15
DA:18,3
DA:21,3
DA:24,0
LF:14
LH:13
BRDA:12,0,0,2
BRDA:12,0,1,15
BRF:2
BRH:2
end_of_record
TN:
SF:C:\Users\matthew.bickell\sites\hostile-aliens-brief\code.js
FN:4,(anonymous_0)
FN:5,(anonymous_1)
FN:15,(anonymous_2)
FN:16,(anonymous_3)
FN:25,(anonymous_4)
FN:27,(anonymous_5)
FN:31,(anonymous_6)
FN:35,(anonymous_7)
FN:39,(anonymous_8)
FN:46,(anonymous_9)
FN:48,(anonymous_10)
FNF:11
FNH:8
FNDA:1,(anonymous_0)
FNDA:3,(anonymous_1)
FNDA:4,(anonymous_2)
FNDA:17,(anonymous_3)
FNDA:2,(anonymous_4)
FNDA:1,(anonymous_5)
FNDA:0,(anonymous_6)
FNDA:0,(anonymous_7)
FNDA:0,(anonymous_8)
FNDA:1,(anonymous_9)
FNDA:13,(anonymous_10)
DA:4,1
DA:5,1
DA:6,3
DA:7,3
DA:8,14
DA:10,3
DA:12,1
DA:15,1
DA:16,4
DA:17,17
DA:18,183
DA:19,14
DA:25,2
DA:27,1
DA:28,1
DA:31,1
DA:32,0
DA:33,0
DA:34,0
DA:35,0
DA:36,0
DA:39,1
DA:40,0
DA:41,0
DA:42,0
DA:43,0
DA:46,1
DA:47,1
DA:48,1
DA:49,13
DA:51,1
LF:31
LH:22
BRDA:18,0,0,14
BRDA:18,0,1,169
BRDA:47,1,0,1
BRDA:47,1,1,0
BRF:4
BRH:3
end_of_record
